0 info it worked if it ends with ok
1 verbose cli [ '/usr/bin/node', '/usr/bin/npm', 'run', 'build' ]
2 info using npm@3.10.10
3 info using node@v6.14.0
4 verbose run-script [ 'prebuild', 'build', 'postbuild' ]
5 info lifecycle gatsby-starter-default@1.0.0~prebuild: gatsby-starter-default@1.0.0
6 silly lifecycle gatsby-starter-default@1.0.0~prebuild: no script for prebuild, continuing
7 info lifecycle gatsby-starter-default@1.0.0~build: gatsby-starter-default@1.0.0
8 verbose lifecycle gatsby-starter-default@1.0.0~build: unsafe-perm in lifecycle true
9 verbose lifecycle gatsby-starter-default@1.0.0~build: PATH: /usr/lib/node_modules/npm/bin/node-gyp-bin:/home/vitaliy/src/vpershe/node_modules/.bin:/home/vitaliy/.rbenv/plugins/ruby-build/bin:/home/vitaliy/.rbenv/shims:/home/vitaliy/.rbenv/bin:/home/vitaliy/bin:/home/vitaliy/.local/bin:/home/vitaliy/.rbenv/plugins/ruby-build/bin:/home/vitaliy/.rbenv/shims:/home/vitaliy/.rbenv/bin:/home/vitaliy/bin:/home/vitaliy/.local/bin:/usr/local/sbin:/usr/local/bin:/usr/sbin:/usr/bin:/sbin:/bin:/usr/games:/usr/local/games:/bin:/snap/bin:/bin:/bin:/bin:/bin:/usr/lib/jvm/java-8-oracle/bin:/usr/lib/jvm/java-8-oracle/db/bin:/usr/lib/jvm/java-8-oracle/jre/bin:/bin:/bin:/bin:/bin:/bin:/bin:/bin:/bin:/usr/lib/jvm/java-8-oracle/bin:/usr/lib/jvm/java-8-oracle/db/bin:/usr/lib/jvm/java-8-oracle/jre/bin:/bin:/bin:/bin
10 verbose lifecycle gatsby-starter-default@1.0.0~build: CWD: /home/vitaliy/src/vpershe
11 silly lifecycle gatsby-starter-default@1.0.0~build: Args: [ '-c', 'gatsby build' ]
12 silly lifecycle gatsby-starter-default@1.0.0~build: Returned: code: 1  signal: null
13 info lifecycle gatsby-starter-default@1.0.0~build: Failed to exec build script
14 verbose stack Error: gatsby-starter-default@1.0.0 build: `gatsby build`
14 verbose stack Exit status 1
14 verbose stack     at EventEmitter.<anonymous> (/usr/lib/node_modules/npm/lib/utils/lifecycle.js:255:16)
14 verbose stack     at emitTwo (events.js:106:13)
14 verbose stack     at EventEmitter.emit (events.js:191:7)
14 verbose stack     at ChildProcess.<anonymous> (/usr/lib/node_modules/npm/lib/utils/spawn.js:40:14)
14 verbose stack     at emitTwo (events.js:106:13)
14 verbose stack     at ChildProcess.emit (events.js:191:7)
14 verbose stack     at maybeClose (internal/child_process.js:920:16)
14 verbose stack     at Process.ChildProcess._handle.onexit (internal/child_process.js:230:5)
15 verbose pkgid gatsby-starter-default@1.0.0
16 verbose cwd /home/vitaliy/src/vpershe
17 error Linux 4.13.0-37-generic
18 error argv "/usr/bin/node" "/usr/bin/npm" "run" "build"
19 error node v6.14.0
20 error npm  v3.10.10
21 error code ELIFECYCLE
22 error gatsby-starter-default@1.0.0 build: `gatsby build`
22 error Exit status 1
23 error Failed at the gatsby-starter-default@1.0.0 build script 'gatsby build'.
23 error Make sure you have the latest version of node.js and npm installed.
23 error If you do, this is most likely a problem with the gatsby-starter-default package,
23 error not with npm itself.
23 error Tell the author that this fails on your system:
23 error     gatsby build
23 error You can get information on how to open an issue for this project with:
23 error     npm bugs gatsby-starter-default
23 error Or if that isn't available, you can get their info via:
23 error     npm owner ls gatsby-starter-default
23 error There is likely additional logging output above.
24 verbose exit [ 1, true ]
